2024-08-28 03:03:53 Loading main app package /tmp/.mount_obsidipVmtSr/resources/obsidian.asar
2024-08-28 03:03:54 Checking for update using Github
2024-08-28 03:03:57 Success.
2024-08-28 03:03:57 Latest version is 1.6.7
2024-08-28 03:03:57 App is up to date.
2024-08-28 03:05:41 Loading main app package /tmp/.mount_obsidi2WFFVi/resources/obsidian.asar
2024-08-28 03:05:41 Checking for update using Github
2024-08-28 03:05:42 Success.
2024-08-28 03:05:42 Latest version is 1.6.7
2024-08-28 03:05:42 App is up to date.
2024-08-28 04:05:41 Checking for update using Github
2024-08-28 04:05:41 Success.
2024-08-28 04:05:41 Latest version is 1.6.7
2024-08-28 04:05:41 App is up to date.
2024-08-28 04:07:25 Loading main app package /tmp/.mount_obsidiZ1yh8J/resources/obsidian.asar
2024-08-28 04:07:25 Checking for update using Github
2024-08-28 04:07:26 Success.
2024-08-28 04:07:26 Latest version is 1.6.7
2024-08-28 04:07:26 App is up to date.
2024-08-28 04:08:44 Loading main app package /tmp/.mount_obsidi9UP6sc/resources/obsidian.asar
2024-08-28 04:08:44 Checking for update using Github
2024-08-28 04:08:44 Success.
2024-08-28 04:08:44 Latest version is 1.6.7
2024-08-28 04:08:44 App is up to date.
2024-08-28 04:50:21 Loading main app package /tmp/.mount_obsidiBfhX22/resources/obsidian.asar
2024-08-28 04:50:22 Checking for update using Github
2024-08-28 04:50:22 Success.
2024-08-28 04:50:22 Latest version is 1.6.7
2024-08-28 04:50:22 App is up to date.
2024-08-30 13:54:11 Loading main app package /tmp/.mount_obsidix5P4bX/resources/obsidian.asar
2024-08-30 13:54:12 Checking for update using Github
2024-08-30 13:54:12 Success.
2024-08-30 13:54:12 Latest version is 1.6.7
2024-08-30 13:54:12 App is up to date.
2024-08-30 13:57:08 Loading main app package /tmp/.mount_obsidiZS2FKI/resources/obsidian.asar
2024-08-30 13:57:09 Checking for update using Github
2024-08-30 13:57:09 Success.
2024-08-30 13:57:09 Latest version is 1.6.7
2024-08-30 13:57:09 App is up to date.
2024-08-30 14:15:04 Loading main app package /tmp/.mount_obsidiZxTPh0/resources/obsidian.asar
2024-08-30 14:15:05 Checking for update using Github
2024-08-30 14:15:05 Success.
2024-08-30 14:15:05 Latest version is 1.6.7
2024-08-30 14:15:05 App is up to date.
2024-08-30 14:15:33 Loading main app package /tmp/.mount_obsidiLbanmZ/resources/obsidian.asar
2024-08-30 14:15:33 Checking for update using Github
2024-08-30 14:15:33 Success.
2024-08-30 14:15:33 Latest version is 1.6.7
2024-08-30 14:15:33 App is up to date.
2024-08-30 15:15:33 Checking for update using Github
2024-08-30 15:15:33 Success.
2024-08-30 15:15:33 Latest version is 1.6.7
2024-08-30 15:15:33 App is up to date.
2024-08-30 16:15:33 Checking for update using Github
2024-08-30 16:15:33 Success.
2024-08-30 16:15:33 Latest version is 1.6.7
2024-08-30 16:15:33 App is up to date.
2024-08-30 17:15:33 Checking for update using Github
2024-08-30 17:15:38 Success.
2024-08-30 17:15:38 Latest version is 1.6.7
2024-08-30 17:15:38 App is up to date.
2024-08-30 18:15:33 Checking for update using Github
2024-08-30 18:15:33 Success.
2024-08-30 18:15:33 Latest version is 1.6.7
2024-08-30 18:15:33 App is up to date.
2024-08-30 19:15:33 Checking for update using Github
2024-08-30 19:15:33 Success.
2024-08-30 19:15:33 Latest version is 1.6.7
2024-08-30 19:15:33 App is up to date.
2024-08-30 20:15:33 Checking for update using Github
2024-08-30 20:15:33 Success.
2024-08-30 20:15:33 Latest version is 1.6.7
2024-08-30 20:15:33 App is up to date.
2024-08-30 21:15:33 Checking for update using Github
2024-08-30 21:15:33 Success.
2024-08-30 21:15:33 Latest version is 1.6.7
2024-08-30 21:15:33 App is up to date.
2024-08-30 22:15:33 Checking for update using Github
2024-08-30 22:15:33 Success.
2024-08-30 22:15:33 Latest version is 1.6.7
2024-08-30 22:15:33 App is up to date.
2024-09-06 13:45:36 Loading main app package /tmp/.mount_obsidiFse1ZZ/resources/obsidian.asar
2024-09-06 13:45:38 Checking for update using Github
2024-09-06 13:45:38 Success.
2024-09-06 13:45:38 Latest version is 1.6.7
2024-09-06 13:45:38 App is up to date.
2024-09-06 14:45:37 Checking for update using Github
2024-09-06 14:45:37 Success.
2024-09-06 14:45:37 Latest version is 1.6.7
2024-09-06 14:45:37 App is up to date.
2024-09-06 15:45:37 Checking for update using Github
2024-09-06 15:45:37 Success.
2024-09-06 15:45:37 Latest version is 1.6.7
2024-09-06 15:45:37 App is up to date.
2024-09-06 16:45:37 Checking for update using Github
2024-09-06 16:45:37 Success.
2024-09-06 16:45:37 Latest version is 1.6.7
2024-09-06 16:45:37 App is up to date.
2024-09-06 17:45:37 Checking for update using Github
2024-09-06 17:45:37 Success.
2024-09-06 17:45:37 Latest version is 1.6.7
2024-09-06 17:45:37 App is up to date.
2024-09-06 18:45:37 Checking for update using Github
2024-09-06 18:45:37 Success.
2024-09-06 18:45:37 Latest version is 1.6.7
2024-09-06 18:45:37 App is up to date.
2024-09-06 19:45:37 Checking for update using Github
2024-09-06 19:45:37 Success.
2024-09-06 19:45:37 Latest version is 1.6.7
2024-09-06 19:45:37 App is up to date.
2024-09-06 20:45:37 Checking for update using Github
2024-09-06 20:45:37 Success.
2024-09-06 20:45:37 Latest version is 1.6.7
2024-09-06 20:45:37 App is up to date.
2024-09-06 21:45:37 Checking for update using Github
2024-09-06 21:45:37 Success.
2024-09-06 21:45:37 Latest version is 1.6.7
2024-09-06 21:45:37 App is up to date.
2024-09-06 22:45:37 Checking for update using Github
2024-09-06 22:45:37 Success.
2024-09-06 22:45:37 Latest version is 1.6.7
2024-09-06 22:45:37 App is up to date.
2024-09-06 23:45:37 Checking for update using Github
2024-09-06 23:45:37 Success.
2024-09-06 23:45:37 Latest version is 1.6.7
2024-09-06 23:45:37 App is up to date.
2024-09-07 00:45:38 Checking for update using Github
2024-09-07 00:45:38 Success.
2024-09-07 00:45:38 Latest version is 1.6.7
2024-09-07 00:45:38 App is up to date.
2024-09-07 01:45:38 Checking for update using Github
2024-09-07 01:45:38 Success.
2024-09-07 01:45:38 Latest version is 1.6.7
2024-09-07 01:45:38 App is up to date.
2024-09-26 02:45:35 Loading main app package /tmp/.mount_obsidiHWBkFn/resources/obsidian.asar
2024-09-26 02:45:35 Checking for update using Github
2024-09-26 02:45:36 Success.
2024-09-26 02:45:36 Latest version is 1.6.7
2024-09-26 02:45:36 App is up to date.
2024-09-26 02:46:51 Loading main app package /tmp/.mount_obsidi9JlMiR/resources/obsidian.asar
2024-09-26 02:46:51 Checking for update using Github
2024-09-26 02:46:52 Success.
2024-09-26 02:46:52 Latest version is 1.6.7
2024-09-26 02:46:52 App is up to date.
2024-09-26 03:46:51 Checking for update using Github
2024-09-26 03:46:51 Success.
2024-09-26 03:46:51 Latest version is 1.6.7
2024-09-26 03:46:51 App is up to date.
2024-09-26 04:46:51 Checking for update using Github
2024-09-26 04:46:51 Success.
2024-09-26 04:46:51 Latest version is 1.6.7
2024-09-26 04:46:51 App is up to date.
2024-09-26 05:46:51 Checking for update using Github
2024-09-26 05:46:51 Success.
2024-09-26 05:46:51 Latest version is 1.6.7
2024-09-26 05:46:51 App is up to date.
2024-09-26 06:46:51 Checking for update using Github
2024-09-26 06:46:51 Success.
2024-09-26 06:46:51 Latest version is 1.6.7
2024-09-26 06:46:51 App is up to date.
2024-09-26 07:46:51 Checking for update using Github
2024-09-26 07:46:51 Success.
2024-09-26 07:46:51 Latest version is 1.6.7
2024-09-26 07:46:51 App is up to date.
2024-09-26 08:46:51 Checking for update using Github
2024-09-26 08:46:51 Success.
2024-09-26 08:46:51 Latest version is 1.6.7
2024-09-26 08:46:51 App is up to date.
2024-09-26 09:46:51 Checking for update using Github
2024-09-26 09:46:51 Success.
2024-09-26 09:46:51 Latest version is 1.6.7
2024-09-26 09:46:51 App is up to date.
2024-09-26 10:46:51 Checking for update using Github
2024-09-26 10:46:51 Success.
2024-09-26 10:46:51 Latest version is 1.6.7
2024-09-26 10:46:51 App is up to date.
2024-09-26 11:46:51 Checking for update using Github
2024-09-26 11:46:51 Success.
2024-09-26 11:46:51 Latest version is 1.6.7
2024-09-26 11:46:51 App is up to date.
2024-09-26 12:46:51 Checking for update using Github
2024-09-26 12:46:51 Success.
2024-09-26 12:46:51 Latest version is 1.6.7
2024-09-26 12:46:51 App is up to date.
2024-09-26 13:46:51 Checking for update using Github
2024-09-26 13:46:51 Success.
2024-09-26 13:46:51 Latest version is 1.6.7
2024-09-26 13:46:51 App is up to date.
2024-09-26 14:46:51 Checking for update using Github
2024-09-26 14:46:51 Success.
2024-09-26 14:46:51 Latest version is 1.6.7
2024-09-26 14:46:51 App is up to date.
2024-09-26 15:46:51 Checking for update using Github
2024-09-26 15:46:52 Success.
2024-09-26 15:46:52 Latest version is 1.6.7
2024-09-26 15:46:52 App is up to date.
2024-09-26 16:46:52 Checking for update using Github
2024-09-26 16:46:52 Success.
2024-09-26 16:46:52 Latest version is 1.6.7
2024-09-26 16:46:52 App is up to date.
2024-09-26 17:46:52 Checking for update using Github
2024-09-26 17:46:52 Success.
2024-09-26 17:46:52 Latest version is 1.6.7
2024-09-26 17:46:52 App is up to date.
2024-09-26 18:46:52 Checking for update using Github
2024-09-26 18:46:52 Success.
2024-09-26 18:46:52 Latest version is 1.6.7
2024-09-26 18:46:52 App is up to date.
2024-09-26 19:46:52 Checking for update using Github
2024-09-26 19:46:52 Success.
2024-09-26 19:46:52 Latest version is 1.6.7
2024-09-26 19:46:52 App is up to date.
2024-09-26 20:46:52 Checking for update using Github
2024-09-26 20:46:52 Success.
2024-09-26 20:46:52 Latest version is 1.6.7
2024-09-26 20:46:52 App is up to date.
2024-09-26 21:46:52 Checking for update using Github
2024-09-26 21:46:52 Success.
2024-09-26 21:46:52 Latest version is 1.6.7
2024-09-26 21:46:52 App is up to date.
2024-09-26 22:46:52 Checking for update using Github
2024-09-26 22:46:55 Success.
2024-09-26 22:46:55 Latest version is 1.6.7
2024-09-26 22:46:55 App is up to date.
2024-09-26 23:46:52 Checking for update using Github
2024-09-26 23:46:52 Success.
2024-09-26 23:46:52 Latest version is 1.6.7
2024-09-26 23:46:52 App is up to date.
2024-09-27 00:46:52 Checking for update using Github
2024-09-27 00:46:52 Success.
2024-09-27 00:46:52 Latest version is 1.6.7
2024-09-27 00:46:52 App is up to date.
2024-09-27 01:46:52 Checking for update using Github
2024-09-27 01:46:52 Success.
2024-09-27 01:46:52 Latest version is 1.6.7
2024-09-27 01:46:52 App is up to date.
2024-09-27 02:46:52 Checking for update using Github
2024-09-27 02:46:52 Success.
2024-09-27 02:46:52 Latest version is 1.6.7
2024-09-27 02:46:52 App is up to date.
2024-09-27 03:46:52 Checking for update using Github
2024-09-27 03:46:52 Success.
2024-09-27 03:46:52 Latest version is 1.6.7
2024-09-27 03:46:52 App is up to date.
2024-09-27 04:46:53 Checking for update using Github
2024-09-27 04:46:53 Success.
2024-09-27 04:46:53 Latest version is 1.6.7
2024-09-27 04:46:53 App is up to date.
2024-09-27 05:46:53 Checking for update using Github
2024-09-27 05:46:53 Success.
2024-09-27 05:46:53 Latest version is 1.6.7
2024-09-27 05:46:53 App is up to date.
2024-09-27 06:46:53 Checking for update using Github
2024-09-27 06:46:53 Success.
2024-09-27 06:46:53 Latest version is 1.6.7
2024-09-27 06:46:53 App is up to date.
2024-09-27 07:46:53 Checking for update using Github
2024-09-27 07:46:53 Success.
2024-09-27 07:46:53 Latest version is 1.6.7
2024-09-27 07:46:53 App is up to date.
2024-09-27 08:46:53 Checking for update using Github
2024-09-27 08:46:53 Success.
2024-09-27 08:46:53 Latest version is 1.6.7
2024-09-27 08:46:53 App is up to date.
2024-09-27 09:46:53 Checking for update using Github
2024-09-27 09:46:53 Success.
2024-09-27 09:46:53 Latest version is 1.6.7
2024-09-27 09:46:53 App is up to date.
2024-09-27 10:46:53 Checking for update using Github
2024-09-27 10:46:53 Success.
2024-09-27 10:46:53 Latest version is 1.6.7
2024-09-27 10:46:53 App is up to date.
2024-09-27 11:46:53 Checking for update using Github
2024-09-27 11:46:54 Success.
2024-09-27 11:46:54 Latest version is 1.6.7
2024-09-27 11:46:54 App is up to date.
2024-09-27 12:46:53 Checking for update using Github
2024-09-27 12:46:53 Success.
2024-09-27 12:46:53 Latest version is 1.6.7
2024-09-27 12:46:53 App is up to date.
2024-09-27 13:46:53 Checking for update using Github
2024-09-27 13:46:53 Success.
2024-09-27 13:46:53 Latest version is 1.6.7
2024-09-27 13:46:53 App is up to date.
2024-09-27 14:46:53 Checking for update using Github
2024-09-27 14:46:53 Success.
2024-09-27 14:46:53 Latest version is 1.6.7
2024-09-27 14:46:53 App is up to date.
2024-09-27 15:46:53 Checking for update using Github
2024-09-27 15:46:53 Success.
2024-09-27 15:46:53 Latest version is 1.6.7
2024-09-27 15:46:53 App is up to date.
2024-09-27 16:46:53 Checking for update using Github
2024-09-27 16:46:53 Success.
2024-09-27 16:46:53 Latest version is 1.6.7
2024-09-27 16:46:53 App is up to date.
2024-09-27 17:46:53 Checking for update using Github
2024-09-27 17:46:53 Success.
2024-09-27 17:46:53 Latest version is 1.6.7
2024-09-27 17:46:53 App is up to date.
2024-09-27 18:46:53 Checking for update using Github
2024-09-27 18:46:54 Success.
2024-09-27 18:46:54 Latest version is 1.6.7
2024-09-27 18:46:54 App is up to date.
2024-09-27 19:46:54 Checking for update using Github
2024-09-27 19:46:54 Success.
2024-09-27 19:46:54 Latest version is 1.6.7
2024-09-27 19:46:54 App is up to date.
2024-09-27 20:46:54 Checking for update using Github
2024-09-27 20:46:54 Success.
2024-09-27 20:46:54 Latest version is 1.6.7
2024-09-27 20:46:54 App is up to date.
2024-09-27 21:46:54 Checking for update using Github
2024-09-27 21:46:54 Success.
2024-09-27 21:46:54 Latest version is 1.6.7
2024-09-27 21:46:54 App is up to date.
2024-09-27 22:46:54 Checking for update using Github
2024-09-27 22:46:54 Success.
2024-09-27 22:46:54 Latest version is 1.6.7
2024-09-27 22:46:54 App is up to date.
2024-09-27 23:46:54 Checking for update using Github
2024-09-27 23:46:54 Success.
2024-09-27 23:46:54 Latest version is 1.6.7
2024-09-27 23:46:54 App is up to date.
2024-09-28 00:46:54 Checking for update using Github
2024-09-28 00:46:54 Success.
2024-09-28 00:46:54 Latest version is 1.6.7
2024-09-28 00:46:54 App is up to date.
2024-09-28 01:46:54 Checking for update using Github
2024-09-28 01:46:54 Success.
2024-09-28 01:46:54 Latest version is 1.6.7
2024-09-28 01:46:54 App is up to date.
2024-09-28 02:46:54 Checking for update using Github
2024-09-28 02:46:54 Success.
2024-09-28 02:46:54 Latest version is 1.6.7
2024-09-28 02:46:54 App is up to date.
2024-09-28 03:46:54 Checking for update using Github
2024-09-28 03:46:54 Success.
2024-09-28 03:46:54 Latest version is 1.6.7
2024-09-28 03:46:54 App is up to date.
2024-09-28 04:46:54 Checking for update using Github
2024-09-28 04:46:54 Success.
2024-09-28 04:46:54 Latest version is 1.6.7
2024-09-28 04:46:54 App is up to date.
2024-09-28 05:46:54 Checking for update using Github
2024-09-28 05:46:54 Success.
2024-09-28 05:46:54 Latest version is 1.6.7
2024-09-28 05:46:54 App is up to date.
2024-09-28 06:46:54 Checking for update using Github
2024-09-28 06:46:54 Success.
2024-09-28 06:46:54 Latest version is 1.6.7
2024-09-28 06:46:54 App is up to date.
2024-09-28 07:46:54 Checking for update using Github
2024-09-28 07:46:54 Success.
2024-09-28 07:46:54 Latest version is 1.6.7
2024-09-28 07:46:54 App is up to date.
2024-09-28 08:46:55 Checking for update using Github
2024-09-28 08:46:55 Success.
2024-09-28 08:46:55 Latest version is 1.6.7
2024-09-28 08:46:55 App is up to date.
2024-09-28 09:46:55 Checking for update using Github
2024-09-28 09:46:55 Success.
2024-09-28 09:46:55 Latest version is 1.6.7
2024-09-28 09:46:55 App is up to date.
2024-09-28 10:46:55 Checking for update using Github
2024-09-28 10:46:55 Success.
2024-09-28 10:46:55 Latest version is 1.6.7
2024-09-28 10:46:55 App is up to date.
2024-09-28 11:46:55 Checking for update using Github
2024-09-28 11:46:55 Success.
2024-09-28 11:46:55 Latest version is 1.6.7
2024-09-28 11:46:55 App is up to date.
2024-09-28 12:46:55 Checking for update using Github
2024-09-28 12:46:55 Success.
2024-09-28 12:46:55 Latest version is 1.6.7
2024-09-28 12:46:55 App is up to date.
